<?xml version="1.0" encoding="UTF-8"?>
<!-- Generated by org.testng.reporters.JUnitReportReporter -->
<testsuite skipped="0" hostname="DESKTOP-C6D1GMF" name="com.testscenario.StudentForm" tests="1" failures="0" timestamp="2022-01-04T18:08:18 CST" time="31.743" errors="0">
  <testcase name="Test" time="31.743" classname="com.testscenario.StudentForm"/>
  <system-out/>
</testsuite> <!-- com.testscenario.StudentForm -->
