<?xml version="1.0" encoding="UTF-8"?>
<!-- Generated by org.testng.reporters.JUnitReportReporter -->
<testsuite skipped="0" hostname="DESKTOP-C6D1GMF" name="com.testscenario.FBLogin" tests="1" failures="0" timestamp="2021-12-22T20:23:14 CST" time="2.378" errors="0">
  <testcase name="f" time="2.378" classname="com.testscenario.FBLogin"/>
  <system-out/>
</testsuite> <!-- com.testscenario.FBLogin -->
