<?xml version="1.0" encoding="UTF-8"?>
<!-- Generated by org.testng.reporters.JUnitReportReporter -->
<testsuite skipped="0" hostname="DESKTOP-C6D1GMF" name="com.testscenario.BlazeDemo" tests="1" failures="0" timestamp="2021-12-30T19:42:50 CST" time="37.011" errors="0">
  <testcase name="init" time="37.011" classname="com.testscenario.BlazeDemo"/>
  <system-out/>
</testsuite> <!-- com.testscenario.BlazeDemo -->
