<?xml version="1.0" encoding="UTF-8"?>
<!-- Generated by org.testng.reporters.JUnitReportReporter -->
<testsuite skipped="0" hostname="DESKTOP-C6D1GMF" name="com.testscenario.BlazeDemo" tests="1" failures="0" timestamp="2022-01-02T19:03:49 CST" time="36.531" errors="0">
  <testcase name="init" time="36.531" classname="com.testscenario.BlazeDemo"/>
  <system-out/>
</testsuite> <!-- com.testscenario.BlazeDemo -->
