<?xml version="1.0" encoding="UTF-8"?>
<!-- Generated by org.testng.reporters.JUnitReportReporter -->
<testsuite skipped="0" hostname="DESKTOP-C6D1GMF" name="com.testscenario.Jritest" tests="3" failures="0" timestamp="2021-12-29T18:39:48 CST" time="98.922" errors="0">
  <testcase name="test" time="33.295" classname="com.testscenario.Jritest"/>
  <system-out/>
  <testcase name="test" time="33.034" classname="com.testscenario.Jritest"/>
  <system-out/>
  <testcase name="test" time="32.593" classname="com.testscenario.Jritest"/>
  <system-out/>
</testsuite> <!-- com.testscenario.Jritest -->
